
> @locatienet/api-client@1.0.31 build C:\projects\Locatienet\Locatienet-js\packages\api-client
> npm run clean && npm run build:types && rollup -c

npm warn Unknown env config "verify-deps-before-run". This will stop working in the next major version of npm.
npm warn Unknown env config "_jsr-registry". This will stop working in the next major version of npm.

> @locatienet/api-client@1.0.31 clean
> rimraf dist

npm warn Unknown env config "verify-deps-before-run". This will stop working in the next major version of npm.
npm warn Unknown env config "_jsr-registry". This will stop working in the next major version of npm.

> @locatienet/api-client@1.0.31 build:types
> dts-bundle-generator --export-referenced-types=false --umd-module-name=LocatienetApiClient -o ./dist/api-client.d.ts ./src/index.ts

Compiling input files...
Processing ./src/index.ts
Writing ./src/index.ts -> ./dist/api-client.d.ts
Checking generated files...
Done in 10.32s
[36m
[1msrc/index.ts[22m → [1mdist/api-client.esm.js[22m...[39m
[32mcreated [1mdist/api-client.esm.js[22m in [1m2.8s[22m[39m
[36m
[1msrc/index.ts[22m → [1mdist/api-client.js[22m...[39m
[32mcreated [1mdist/api-client.js[22m in [1m1.8s[22m[39m
[36m
[1msrc/index.ts[22m → [1mdist/api-client.min.js[22m...[39m
[32mcreated [1mdist/api-client.min.js[22m in [1m2.1s[22m[39m
